Replace Part C1 Cap in C:\Users\Carlo\Documents\git\rfDOMOTIC\HW\Board\Slave\Controls.SchDoc with Cap from Miscellaneous Devices.IntLib
Replace Part C2 Cap in C:\Users\Carlo\Documents\git\rfDOMOTIC\HW\Board\Slave\Controls.SchDoc with Cap from Miscellaneous Devices.IntLib
Replace Part C3 Cap in C:\Users\Carlo\Documents\git\rfDOMOTIC\HW\Board\Slave\Controls.SchDoc with Cap from Miscellaneous Devices.IntLib
Replace Part C4 Cap in C:\Users\Carlo\Documents\git\rfDOMOTIC\HW\Board\Slave\Controls.SchDoc with Cap from Miscellaneous Devices.IntLib
Replace Part C5 Cap in C:\Users\Carlo\Documents\git\rfDOMOTIC\HW\Board\Slave\Controls.SchDoc with Cap from Miscellaneous Devices.IntLib
Replace Part C6 Cap in C:\Users\Carlo\Documents\git\rfDOMOTIC\HW\Board\Slave\Controls.SchDoc with Cap from Miscellaneous Devices.IntLib
Replace Part C7 Cap in C:\Users\Carlo\Documents\git\rfDOMOTIC\HW\Board\Slave\Controls.SchDoc with Cap from Miscellaneous Devices.IntLib
Replace Part C8 Cap in C:\Users\Carlo\Documents\git\rfDOMOTIC\HW\Board\Slave\Controls.SchDoc with Cap from Miscellaneous Devices.IntLib
Replace Part C9 Cap in C:\Users\Carlo\Documents\git\rfDOMOTIC\HW\Board\Slave\Controls.SchDoc with Cap from Miscellaneous Devices.IntLib
Replace Part C10 Cap in C:\Users\Carlo\Documents\git\rfDOMOTIC\HW\Board\Slave\Controls.SchDoc with Cap from Miscellaneous Devices.IntLib
Replace Part C11 Cap in C:\Users\Carlo\Documents\git\rfDOMOTIC\HW\Board\Slave\Controls.SchDoc with Cap from Miscellaneous Devices.IntLib
Replace Part C12 Cap in C:\Users\Carlo\Documents\git\rfDOMOTIC\HW\Board\Slave\Controls.SchDoc with Cap from Miscellaneous Devices.IntLib
Replace Part C13 Cap in C:\Users\Carlo\Documents\git\rfDOMOTIC\HW\Board\Slave\Controls.SchDoc with Cap from Miscellaneous Devices.IntLib
Replace Part C14 Cap in C:\Users\Carlo\Documents\git\rfDOMOTIC\HW\Board\Slave\Controls.SchDoc with Cap from Miscellaneous Devices.IntLib
Replace Part C15 Cap in C:\Users\Carlo\Documents\git\rfDOMOTIC\HW\Board\Slave\Controls.SchDoc with Cap from Miscellaneous Devices.IntLib
Replace Part C16 Cap in C:\Users\Carlo\Documents\git\rfDOMOTIC\HW\Board\Slave\Controls.SchDoc with Cap from Miscellaneous Devices.IntLib
Replace Part C17 Cap in C:\Users\Carlo\Documents\git\rfDOMOTIC\HW\Board\Slave\Controls.SchDoc with Cap from Miscellaneous Devices.IntLib
Replace Part D1 LED0 in C:\Users\Carlo\Documents\git\rfDOMOTIC\HW\Board\Slave\Controls.SchDoc with LED0 from Miscellaneous Devices.IntLib
Replace Part D2 LED0 in C:\Users\Carlo\Documents\git\rfDOMOTIC\HW\Board\Slave\Controls.SchDoc with LED0 from Miscellaneous Devices.IntLib
Replace Part D3 LED0 in C:\Users\Carlo\Documents\git\rfDOMOTIC\HW\Board\Slave\Controls.SchDoc with LED0 from Miscellaneous Devices.IntLib
Replace Part D4 LED0 in C:\Users\Carlo\Documents\git\rfDOMOTIC\HW\Board\Slave\Controls.SchDoc with LED0 from Miscellaneous Devices.IntLib
Replace Part D5 LED0 in C:\Users\Carlo\Documents\git\rfDOMOTIC\HW\Board\Slave\Controls.SchDoc with LED0 from Miscellaneous Devices.IntLib
Replace Part FB1 Fuse 1 in C:\Users\Carlo\Documents\git\rfDOMOTIC\HW\Board\Slave\Controls.SchDoc with Fuse 1 from Miscellaneous Devices.IntLib
Replace Part J1 Header 5X2 in C:\Users\Carlo\Documents\git\rfDOMOTIC\HW\Board\Slave\Controls.SchDoc with Header 5X2 from Miscellaneous Connectors.IntLib
Replace Part J2 614105150721 in C:\Users\Carlo\Documents\git\rfDOMOTIC\HW\Board\Slave\Controls.SchDoc with 614105150721 from Wurth_USB-Connectors (rev18d).IntLib
Replace Part L1 Inductor in C:\Users\Carlo\Documents\git\rfDOMOTIC\HW\Board\Slave\Controls.SchDoc with Inductor from Miscellaneous Devices.IntLib
Replace Part L2 Inductor in C:\Users\Carlo\Documents\git\rfDOMOTIC\HW\Board\Slave\Controls.SchDoc with Inductor from Miscellaneous Devices.IntLib
Replace Part L3 Inductor in C:\Users\Carlo\Documents\git\rfDOMOTIC\HW\Board\Slave\Controls.SchDoc with Inductor from Miscellaneous Devices.IntLib
Replace Part L4 Inductor in C:\Users\Carlo\Documents\git\rfDOMOTIC\HW\Board\Slave\Controls.SchDoc with Inductor from Miscellaneous Devices.IntLib
Replace Part R1 Res1 in C:\Users\Carlo\Documents\git\rfDOMOTIC\HW\Board\Slave\Controls.SchDoc with Res1 from Miscellaneous Devices.IntLib
Replace Part R2 Res1 in C:\Users\Carlo\Documents\git\rfDOMOTIC\HW\Board\Slave\Controls.SchDoc with Res1 from Miscellaneous Devices.IntLib
Replace Part R3 Res1 in C:\Users\Carlo\Documents\git\rfDOMOTIC\HW\Board\Slave\Controls.SchDoc with Res1 from Miscellaneous Devices.IntLib
Replace Part R4 Res1 in C:\Users\Carlo\Documents\git\rfDOMOTIC\HW\Board\Slave\Controls.SchDoc with Res1 from Miscellaneous Devices.IntLib
Replace Part R5 Res1 in C:\Users\Carlo\Documents\git\rfDOMOTIC\HW\Board\Slave\Controls.SchDoc with Res1 from Miscellaneous Devices.IntLib
Replace Part R6 Res1 in C:\Users\Carlo\Documents\git\rfDOMOTIC\HW\Board\Slave\Controls.SchDoc with Res1 from Miscellaneous Devices.IntLib
Replace Part R7 Res1 in C:\Users\Carlo\Documents\git\rfDOMOTIC\HW\Board\Slave\Controls.SchDoc with Res1 from Miscellaneous Devices.IntLib
Replace Part R8 Res1 in C:\Users\Carlo\Documents\git\rfDOMOTIC\HW\Board\Slave\Controls.SchDoc with Res1 from Miscellaneous Devices.IntLib
Replace Part R9 Res1 in C:\Users\Carlo\Documents\git\rfDOMOTIC\HW\Board\Slave\Controls.SchDoc with Res1 from Miscellaneous Devices.IntLib
Replace Part R10 Res1 in C:\Users\Carlo\Documents\git\rfDOMOTIC\HW\Board\Slave\Controls.SchDoc with Res1 from Miscellaneous Devices.IntLib
Replace Part R11 Res1 in C:\Users\Carlo\Documents\git\rfDOMOTIC\HW\Board\Slave\Controls.SchDoc with Res1 from Miscellaneous Devices.IntLib
Replace Part R12 Res1 in C:\Users\Carlo\Documents\git\rfDOMOTIC\HW\Board\Slave\Controls.SchDoc with Res1 from Miscellaneous Devices.IntLib
Replace Part R13 Res1 in C:\Users\Carlo\Documents\git\rfDOMOTIC\HW\Board\Slave\Controls.SchDoc with Res1 from Miscellaneous Devices.IntLib
Replace Part R14 Res1 in C:\Users\Carlo\Documents\git\rfDOMOTIC\HW\Board\Slave\Controls.SchDoc with Res1 from Miscellaneous Devices.IntLib
Replace Part R15 Res1 in C:\Users\Carlo\Documents\git\rfDOMOTIC\HW\Board\Slave\Controls.SchDoc with Res1 from Miscellaneous Devices.IntLib
Replace Part R16 Res1 in C:\Users\Carlo\Documents\git\rfDOMOTIC\HW\Board\Slave\Controls.SchDoc with Res1 from Miscellaneous Devices.IntLib
Replace Part R17 Res1 in C:\Users\Carlo\Documents\git\rfDOMOTIC\HW\Board\Slave\Controls.SchDoc with Res1 from Miscellaneous Devices.IntLib
Replace Part U1 CC2650F128RGZ in C:\Users\Carlo\Documents\git\rfDOMOTIC\HW\Board\Slave\Controls.SchDoc with CC2650F128RGZ from TexasInstruments.SchLib
Replace Part U1 CC2650F128RGZ in C:\Users\Carlo\Documents\git\rfDOMOTIC\HW\Board\Slave\Controls.SchDoc with CC2650F128RGZ from TexasInstruments.SchLib
Replace Part U2 FT232B in C:\Users\Carlo\Documents\git\rfDOMOTIC\HW\Board\Slave\Controls.SchDoc with FT232B from FTDI.SchLib
Replace Part Y1 XTAL in C:\Users\Carlo\Documents\git\rfDOMOTIC\HW\Board\Slave\Controls.SchDoc with XTAL from Miscellaneous Devices.IntLib
Replace Part Y2 XTAL_4p in C:\Users\Carlo\Documents\git\rfDOMOTIC\HW\Board\Slave\Controls.SchDoc with XTAL_4p from Discreate.SchLib
Replace Part Y3 XTAL in C:\Users\Carlo\Documents\git\rfDOMOTIC\HW\Board\Slave\Controls.SchDoc with XTAL from Miscellaneous Devices.IntLib
