Replace Part BT1 Battery in C:\Users\Carlo\Documents\git\rfDOMOTIC\HW\Board\Slave\Pwr.SchDoc with Battery from Miscellaneous Devices.IntLib
Replace Part BT2 Battery in C:\Users\Carlo\Documents\git\rfDOMOTIC\HW\Board\Slave\Pwr.SchDoc with Battery from Miscellaneous Devices.IntLib
Replace Part C18 Cap Pol1 in C:\Users\Carlo\Documents\git\rfDOMOTIC\HW\Board\Slave\Pwr.SchDoc with Cap Pol1 from Miscellaneous Devices.IntLib
Replace Part C19 Cap Pol1 in C:\Users\Carlo\Documents\git\rfDOMOTIC\HW\Board\Slave\Pwr.SchDoc with Cap Pol1 from Miscellaneous Devices.IntLib
Replace Part C20 Cap in C:\Users\Carlo\Documents\git\rfDOMOTIC\HW\Board\Slave\Pwr.SchDoc with Cap from Miscellaneous Devices.IntLib
Replace Part C21 Cap Pol1 in C:\Users\Carlo\Documents\git\rfDOMOTIC\HW\Board\Slave\Pwr.SchDoc with Cap Pol1 from Miscellaneous Devices.IntLib
Replace Part C22 Cap in C:\Users\Carlo\Documents\git\rfDOMOTIC\HW\Board\Slave\Pwr.SchDoc with Cap from Miscellaneous Devices.IntLib
Replace Part C23 Cap in C:\Users\Carlo\Documents\git\rfDOMOTIC\HW\Board\Slave\Pwr.SchDoc with Cap from Miscellaneous Devices.IntLib
Replace Part L5 Inductor in C:\Users\Carlo\Documents\git\rfDOMOTIC\HW\Board\Slave\Pwr.SchDoc with Inductor from Miscellaneous Devices.IntLib
Replace Part L6 Inductor in C:\Users\Carlo\Documents\git\rfDOMOTIC\HW\Board\Slave\Pwr.SchDoc with Inductor from Miscellaneous Devices.IntLib
Replace Part P1 Header 2 in C:\Users\Carlo\Documents\git\rfDOMOTIC\HW\Board\Slave\Pwr.SchDoc with Header 2 from Miscellaneous Connectors.IntLib
Replace Part Q1 MOSFET-P in C:\Users\Carlo\Documents\git\rfDOMOTIC\HW\Board\Slave\Pwr.SchDoc with MOSFET-P from Miscellaneous Devices.IntLib
Replace Part Q2 MOSFET-N in C:\Users\Carlo\Documents\git\rfDOMOTIC\HW\Board\Slave\Pwr.SchDoc with MOSFET-N from Miscellaneous Devices.IntLib
Replace Part R18 Res1 in C:\Users\Carlo\Documents\git\rfDOMOTIC\HW\Board\Slave\Pwr.SchDoc with Res1 from Miscellaneous Devices.IntLib
Replace Part R19 Res1 in C:\Users\Carlo\Documents\git\rfDOMOTIC\HW\Board\Slave\Pwr.SchDoc with Res1 from Miscellaneous Devices.IntLib
Replace Part R20 Res1 in C:\Users\Carlo\Documents\git\rfDOMOTIC\HW\Board\Slave\Pwr.SchDoc with Res1 from Miscellaneous Devices.IntLib
Replace Part R21 Res1 in C:\Users\Carlo\Documents\git\rfDOMOTIC\HW\Board\Slave\Pwr.SchDoc with Res1 from Miscellaneous Devices.IntLib
Replace Part R22 Res1 in C:\Users\Carlo\Documents\git\rfDOMOTIC\HW\Board\Slave\Pwr.SchDoc with Res1 from Miscellaneous Devices.IntLib
Replace Part R23 Res1 in C:\Users\Carlo\Documents\git\rfDOMOTIC\HW\Board\Slave\Pwr.SchDoc with Res1 from Miscellaneous Devices.IntLib
Replace Part R24 Res1 in C:\Users\Carlo\Documents\git\rfDOMOTIC\HW\Board\Slave\Pwr.SchDoc with Res1 from Miscellaneous Devices.IntLib
Replace Part R25 Res1 in C:\Users\Carlo\Documents\git\rfDOMOTIC\HW\Board\Slave\Pwr.SchDoc with Res1 from Miscellaneous Devices.IntLib
Replace Part R26 Res1 in C:\Users\Carlo\Documents\git\rfDOMOTIC\HW\Board\Slave\Pwr.SchDoc with Res1 from Miscellaneous Devices.IntLib
Replace Part S1 SW DIP-2 in C:\Users\Carlo\Documents\git\rfDOMOTIC\HW\Board\Slave\Pwr.SchDoc with SW DIP-2 from Miscellaneous Devices.IntLib
Replace Part U3 MAX1674/5 in C:\Users\Carlo\Documents\git\rfDOMOTIC\HW\Board\Slave\Pwr.SchDoc with MAX1674/5 from Maxim.SchLib
Replace Part U4 MAX1674/5 in C:\Users\Carlo\Documents\git\rfDOMOTIC\HW\Board\Slave\Pwr.SchDoc with MAX1674/5 from Maxim.SchLib
