Change component parameters: Designator = "R1"; Footprint = "AXIAL-0.3"; UniqueID = "\FIAJFAKM"
Change component parameters. Clean all parameters for all variants
Change component parameters (AddParameter): Name = "LatestRevisionDate"; Value = "17-Jul-2002"; VariantName = "[No Variations]"
Change component parameters (AddParameter): Name = "LatestRevisionNote"; Value = "Re-released for DXP Platform."; VariantName = "[No Variations]"
Change component parameters (AddParameter): Name = "PackageDescription"; Value = "Axial Device, Thru-Hole; 2 Leads; 0.3 in Pin Spacing"; VariantName = "[No Variations]"
Change component parameters (AddParameter): Name = "PackageReference"; Value = "AXIAL-0.3"; VariantName = "[No Variations]"
Change component parameters (AddParameter): Name = "Published"; Value = "8-Jun-2000"; VariantName = "[No Variations]"
Change component parameters (AddParameter): Name = "Publisher"; Value = "Altium Limited"; VariantName = "[No Variations]"
Change component parameters (AddParameter): Name = "Supplier 1"; Value = "Farnell"; VariantName = "[No Variations]"
Change component parameters (AddParameter): Name = "Supplier Part Number 1"; Value = "1862033"; VariantName = "[No Variations]"
Change component parameters (AddParameter): Name = "Value"; Value = "100K"; VariantName = "[No Variations]"
Added Component: Designator=U1(VQFN-48(RGZ))
Add component. Clean all parameters for all variants
Add component (AddParameter): Name = "ComponentLink1Description"; Value = "Datasheet"; VariantName = "[No Variations]"
Add component (AddParameter): Name = "ComponentLink1URL"; Value = "http://www.ti.com/product/CC2650"; VariantName = "[No Variations]"
Added Pin To Net: NetName=NetC2_1 Pin=U1-1
Added Pin To Net: NetName=NetC4_1 Pin=U1-2
Added Pin To Net: NetName=NetC11_2 Pin=U1-3
Added Pin To Net: NetName=NetC9_1 Pin=U1-4
Added Pin To Net: NetName=NetR3_1 Pin=U1-5
Added Pin To Net: NetName=NetR4_1 Pin=U1-6
Added Pin To Net: NetName=NetR5_1 Pin=U1-7
Added Pin To Net: NetName=NetR7_1 Pin=U1-8
Added Pin To Net: NetName=NetR6_1 Pin=U1-9
Added Pin To Net: NetName=NetU1_12 Pin=U1-12
Added Pin To Net: NetName=VCC Pin=U1-13
Added Pin To Net: NetName=NetU1_14 Pin=U1-14
Added Pin To Net: NetName=NetU1_15 Pin=U1-15
Added Pin To Net: NetName=NetU1_16 Pin=U1-16
Added Pin To Net: NetName=NetR18_1 Pin=U1-18
Added Pin To Net: NetName=NetR24_1 Pin=U1-19
Added Pin To Net: NetName=NetQ3_2 Pin=U1-20
Added Pin To Net: NetName=VCC Pin=U1-22
Added Pin To Net: NetName=NetC10_1 Pin=U1-23
Added Pin To Net: NetName=NetJ1_2 Pin=U1-24
Added Pin To Net: NetName=NetJ1_4 Pin=U1-25
Added Pin To Net: NetName=NetJ1_6 Pin=U1-26
Added Pin To Net: NetName=NetJ1_8 Pin=U1-27
Added Pin To Net: NetName=NetD1_1 Pin=U1-28
Added Pin To Net: NetName=NetD2_1 Pin=U1-29
Added Pin To Net: NetName=NetD3_1 Pin=U1-30
Added Pin To Net: NetName=NetR22_1 Pin=U1-32
Added Pin To Net: NetName=VCC Pin=U1-34
Added Pin To Net: NetName=NetC1_2 Pin=U1-35
Added Pin To Net: NetName=NetR28_2 Pin=U1-39
Added Pin To Net: NetName=VCC Pin=U1-44
Added Pin To Net: NetName=VCCR Pin=U1-45
Added Pin To Net: NetName=NetC13_1 Pin=U1-46
Added Pin To Net: NetName=NetC12_2 Pin=U1-47
Added Pin To Net: NetName=VCCR Pin=U1-48
Added Pin To Net: NetName=GND Pin=U1-49
Added Member To Class: ClassName=Controls Member=Component U1 CC2650F128RGZ
