Added Component: Designator=Jc2(HDR1X5)
Add component. Clean all parameters for all variants
Add component (AddParameter): Name = "LatestRevisionDate"; Value = "17-Jul-2002"; VariantName = "[No Variations]"
Add component (AddParameter): Name = "LatestRevisionNote"; Value = "Re-released for DXP Platform."; VariantName = "[No Variations]"
Add component (AddParameter): Name = "Publisher"; Value = "Altium Limited"; VariantName = "[No Variations]"
Added Pin To Net: NetName=DIO_0 Pin=Jc2-1
Added Pin To Net: NetName=DIO_0 Pin=Uc1-5
Added Net: Name=DIO_0
Added Pin To Net: NetName=DIO_1 Pin=Jc2-2
Added Pin To Net: NetName=DIO_1 Pin=Uc1-6
Added Net: Name=DIO_1
Added Pin To Net: NetName=DIO_2 Pin=Jc2-3
Added Pin To Net: NetName=DIO_2 Pin=Uc1-7
Added Net: Name=DIO_2
Added Pin To Net: NetName=DIO_3 Pin=Jc2-4
Added Pin To Net: NetName=DIO_3 Pin=Uc1-8
Added Net: Name=DIO_3
Added Pin To Net: NetName=DIO_4 Pin=Jc2-5
Added Pin To Net: NetName=DIO_4 Pin=Uc1-9
Added Net: Name=DIO_4
Added Member To Class: ClassName=Controls Member=Component Jc2 Extent conn
