Removed Pin From Net: NetName=GND Pin=Rc9-1
Removed Pin From Net: NetName=NetDc3_2 Pin=Rc9-2
Removed Pin From Net: NetName=GND Pin=Rc10-1
Removed Pin From Net: NetName=NetDc4_2 Pin=Rc10-2
Removed Pin From Net: NetName=GND Pin=Rc11-1
Removed Pin From Net: NetName=NetDc5_2 Pin=Rc11-2
Removed Pin From Net: NetName=NetRs4_2 Pin=Uc1-6
Removed Pin From Net: NetName=NetRs6_2 Pin=Uc1-7
Removed Pin From Net: NetName=NetRa3_1 Pin=Uc1-8
Removed Pin From Net: NetName=NetRp3_1 Pin=Uc1-9
Removed Pin From Net: NetName=NetRc14_2 Pin=Uc1-10
Removed Pin From Net: NetName=NetJs1_4 Pin=Uc1-20
Removed Pin From Net: NetName=NetJs1_5 Pin=Uc1-21
Removed Pin From Net: NetName=NetDc3_1 Pin=Uc1-22
Removed Pin From Net: NetName=NetDc4_1 Pin=Uc1-23
Removed Pin From Net: NetName=NetDc5_1 Pin=Uc1-24
Removed Pin From Net: NetName=NetRa1_2 Pin=Uc1-25
Removed Pin From Net: NetName=NetRc15_2 Pin=Uc1-26
Added Pin To Net: NetName=VCC Pin=Rc9-1
Added Pin To Net: NetName=NetDc3_1 Pin=Rc9-2
Added Pin To Net: NetName=VCC Pin=Rc10-1
Added Pin To Net: NetName=NetDc4_1 Pin=Rc10-2
Added Pin To Net: NetName=VCC Pin=Rc11-1
Added Pin To Net: NetName=NetDc5_1 Pin=Rc11-2
Added Pin To Net: NetName=NetRc15_2 Pin=Uc1-6
Added Pin To Net: NetName=NetRc14_2 Pin=Uc1-7
Added Pin To Net: NetName=NetRa1_2 Pin=Uc1-8
Added Pin To Net: NetName=NetJs1_4 Pin=Uc1-9
Added Pin To Net: NetName=NetJs1_5 Pin=Uc1-10
Added Pin To Net: NetName=NetRs4_2 Pin=Uc1-20
Added Pin To Net: NetName=NetRs6_2 Pin=Uc1-21
Added Pin To Net: NetName=NetRp3_1 Pin=Uc1-22
Added Pin To Net: NetName=NetRa3_1 Pin=Uc1-23
Added Pin To Net: NetName=NetDc3_2 Pin=Uc1-25
Added Pin To Net: NetName=NetDc4_2 Pin=Uc1-26
Added Pin To Net: NetName=NetDc5_2 Pin=Uc1-27
