Removed Pin From Net: NetName=NetCs2_2 Pin=Js2-1
Removed Pin From Net: NetName=NetJs2_2 Pin=Rs1-2
Removed Pin From Net: NetName=NetJs2_2 Pin=Us2-5
Added Component: Designator=Rs8(r0603)
Add component. Clean all parameters for all variants
Add component (AddParameter): Name = "LatestRevisionDate"; Value = "17-Jul-2002"; VariantName = "[No Variations]"
Add component (AddParameter): Name = "LatestRevisionNote"; Value = "Re-released for DXP Platform."; VariantName = "[No Variations]"
Add component (AddParameter): Name = "PackageDescription"; Value = "Axial Device, Thru-Hole; 2 Leads; 0.3 in Pin Spacing"; VariantName = "[No Variations]"
Add component (AddParameter): Name = "PackageReference"; Value = "AXIAL-0.3"; VariantName = "[No Variations]"
Add component (AddParameter): Name = "Published"; Value = "8-Jun-2000"; VariantName = "[No Variations]"
Add component (AddParameter): Name = "Publisher"; Value = "Altium Limited"; VariantName = "[No Variations]"
Add component (AddParameter): Name = "Value"; Value = "0"; VariantName = "[No Variations]"
Added Component: Designator=Rs9(r0603)
Add component. Clean all parameters for all variants
Add component (AddParameter): Name = "LatestRevisionDate"; Value = "17-Jul-2002"; VariantName = "[No Variations]"
Add component (AddParameter): Name = "LatestRevisionNote"; Value = "Re-released for DXP Platform."; VariantName = "[No Variations]"
Add component (AddParameter): Name = "PackageDescription"; Value = "Axial Device, Thru-Hole; 2 Leads; 0.3 in Pin Spacing"; VariantName = "[No Variations]"
Add component (AddParameter): Name = "PackageReference"; Value = "AXIAL-0.3"; VariantName = "[No Variations]"
Add component (AddParameter): Name = "Published"; Value = "8-Jun-2000"; VariantName = "[No Variations]"
Add component (AddParameter): Name = "Publisher"; Value = "Altium Limited"; VariantName = "[No Variations]"
Add component (AddParameter): Name = "Value"; Value = "0"; VariantName = "[No Variations]"
Added Component: Designator=Rs10(r0603)
Add component. Clean all parameters for all variants
Add component (AddParameter): Name = "LatestRevisionDate"; Value = "17-Jul-2002"; VariantName = "[No Variations]"
Add component (AddParameter): Name = "LatestRevisionNote"; Value = "Re-released for DXP Platform."; VariantName = "[No Variations]"
Add component (AddParameter): Name = "PackageDescription"; Value = "Axial Device, Thru-Hole; 2 Leads; 0.3 in Pin Spacing"; VariantName = "[No Variations]"
Add component (AddParameter): Name = "PackageReference"; Value = "AXIAL-0.3"; VariantName = "[No Variations]"
Add component (AddParameter): Name = "Published"; Value = "8-Jun-2000"; VariantName = "[No Variations]"
Add component (AddParameter): Name = "Publisher"; Value = "Altium Limited"; VariantName = "[No Variations]"
Add component (AddParameter): Name = "Value"; Value = "0"; VariantName = "[No Variations]"
Added Component: Designator=Rs11(r0603)
Add component. Clean all parameters for all variants
Add component (AddParameter): Name = "LatestRevisionDate"; Value = "17-Jul-2002"; VariantName = "[No Variations]"
Add component (AddParameter): Name = "LatestRevisionNote"; Value = "Re-released for DXP Platform."; VariantName = "[No Variations]"
Add component (AddParameter): Name = "PackageDescription"; Value = "Axial Device, Thru-Hole; 2 Leads; 0.3 in Pin Spacing"; VariantName = "[No Variations]"
Add component (AddParameter): Name = "PackageReference"; Value = "AXIAL-0.3"; VariantName = "[No Variations]"
Add component (AddParameter): Name = "Published"; Value = "8-Jun-2000"; VariantName = "[No Variations]"
Add component (AddParameter): Name = "Publisher"; Value = "Altium Limited"; VariantName = "[No Variations]"
Add component (AddParameter): Name = "Value"; Value = "0"; VariantName = "[No Variations]"
Added Pin To Net: NetName=NetCs2_2 Pin=Rs8-1
Added Pin To Net: NetName=NetJs2_2 Pin=Rs10-1
Added Pin To Net: NetName=NetJs2_1 Pin=Js2-1
Added Pin To Net: NetName=NetJs2_1 Pin=Rs8-2
Added Net: Name=NetJs2_1
Added Pin To Net: NetName=NetJs2_3 Pin=Js2-3
Added Pin To Net: NetName=NetJs2_3 Pin=Rs9-1
Added Net: Name=NetJs2_3
Added Pin To Net: NetName=NetJs2_4 Pin=Js2-4
Added Pin To Net: NetName=NetJs2_4 Pin=Rs11-1
Added Net: Name=NetJs2_4
Added Pin To Net: NetName=NetRs1_2 Pin=Rs1-2
Added Pin To Net: NetName=NetRs1_2 Pin=Rs10-2
Added Pin To Net: NetName=NetRs1_2 Pin=Us2-5
Added Net: Name=NetRs1_2
Added Member To Class: ClassName=Sns Member=Component Cs2 Cap
Added Member To Class: ClassName=Sns Member=Component Rs2 Res1
Added Member To Class: ClassName=Sns Member=Component Rs3 Res1
Added Member To Class: ClassName=Sns Member=Component Rs8 Res1
Added Member To Class: ClassName=Sns Member=Component Rs9 Res1
Added Member To Class: ClassName=Sns Member=Component Rs10 Res1
Added Member To Class: ClassName=Sns Member=Component Rs11 Res1
