Removed Pin From Net: NetName=NetRc15_2 Pin=Uc1-15
Removed Pin From Net: NetName=NetRa1_2 Pin=Uc1-16
Removed Pin From Net: NetName=NetCRc1_4 Pin=Uc1-25
Removed Pin From Net: NetName=NetCRc1_5 Pin=Uc1-26
Removed Pin From Net: NetName=GND Pin=Uc1-V1
Removed Pin From Net: NetName=GND Pin=Uc1-V2
Removed Pin From Net: NetName=GND Pin=Uc1-V4
Removed Pin From Net: NetName=GND Pin=Uc1-V5
Change Component Footprint: Designator=Lp1 Old Footprint=INDUCTOR_RADIAL_TH_R4_35H11 New Footprint=6-0805_L
Change Component Comment : Designator=Lp1 Old Comment=RLB0912-220KL New Comment=MLZ2012N220LT000
Change component parameters: Designator = "Lp1"; Footprint = "6-0805_L"; UniqueID = "\RHTMJOUI"
Change component parameters. Clean all parameters for all variants
Change component parameters (AddParameter): Name = "Code_IEC"; Value = "1005"; VariantName = "[No Variations]"
Change component parameters (AddParameter): Name = "Code_JEITA"; Value = "0402"; VariantName = "[No Variations]"
Change component parameters (AddParameter): Name = "LatestRevisionDate"; Value = "29-May-2009"; VariantName = "[No Variations]"
Change component parameters (AddParameter): Name = "LatestRevisionNote"; Value = "IPC-7351 Footprint Added."; VariantName = "[No Variations]"
Change component parameters (AddParameter): Name = "PackageDescription"; Value = "Chip Inductor"; VariantName = "[No Variations]"
Change component parameters (AddParameter): Name = "PackageReference"; Value = "0402-A"; VariantName = "[No Variations]"
Change component parameters (AddParameter): Name = "Published"; Value = "8-Jun-2000"; VariantName = "[No Variations]"
Change component parameters (AddParameter): Name = "Publisher"; Value = "Altium Limited"; VariantName = "[No Variations]"
Change component parameters (AddParameter): Name = "Supplier 1"; Value = "Digi-Key"; VariantName = "[No Variations]"
Change component parameters (AddParameter): Name = "Supplier Part Number 1"; Value = "445-9495-1-ND"; VariantName = "[No Variations]"
Change component parameters (AddParameter): Name = "Value"; Value = "22uH"; VariantName = "[No Variations]"
Added Pin To Net: NetName=NetCRc1_4 Pin=Uc1-15
Added Pin To Net: NetName=NetCRc1_5 Pin=Uc1-16
Added Pin To Net: NetName=NetRa1_2 Pin=Uc1-25
Added Pin To Net: NetName=NetRc15_2 Pin=Uc1-26
