Added Component: Designator=P?(HDR2X5)
Add component. Clean all parameters for all variants
Add component (AddParameter): Name = "LatestRevisionDate"; Value = "17-Jul-2002"; VariantName = "[No Variations]"
Add component (AddParameter): Name = "LatestRevisionNote"; Value = "Re-released for DXP Platform."; VariantName = "[No Variations]"
Add component (AddParameter): Name = "Publisher"; Value = "Altium Limited"; VariantName = "[No Variations]"
Added Pin To Net: NetName=5V0 Pin=P?-1
Added Pin To Net: NetName=DIO_0 Pin=P?-2
Added Pin To Net: NetName=GND Pin=P?-3
Added Pin To Net: NetName=DIO_1 Pin=P?-4
Added Pin To Net: NetName=DIO_2 Pin=P?-6
Added Pin To Net: NetName=VCC Pin=P?-7
Added Pin To Net: NetName=DIO_3 Pin=P?-8
Added Pin To Net: NetName=GND Pin=P?-9
Added Pin To Net: NetName=DIO_4 Pin=P?-10
Change Net Name : Old Net Name=NetCc8_2 New Net Name=J_RST
Change Net Name : Old Net Name=NetDc3_2 New Net Name=LED1
Change Net Name : Old Net Name=NetDc4_2 New Net Name=LED2
Change Net Name : Old Net Name=NetDc5_2 New Net Name=LED3
Change Net Name : Old Net Name=NetJc1_2 New Net Name=J_TMS
Change Net Name : Old Net Name=NetJc1_4 New Net Name=J_CLK
Change Net Name : Old Net Name=NetJc1_6 New Net Name=J_TDO
Change Net Name : Old Net Name=NetJc1_8 New Net Name=J_TDI
Change Net Name : Old Net Name=NetJs1_4 New Net Name=SCL
Change Net Name : Old Net Name=NetJs1_5 New Net Name=SDA
Change Net Name : Old Net Name=NetLc1_1 New Net Name=NetLabel33
Change Net Name : Old Net Name=NetRa1_2 New Net Name=BoilerEN
Change Net Name : Old Net Name=NetRa3_1 New Net Name=an_BoilerFB
Change Net Name : Old Net Name=NetRc14_2 New Net Name=BTN_1
Change Net Name : Old Net Name=NetRc15_2 New Net Name=BTN_2
Change Net Name : Old Net Name=NetRp3_1 New Net Name=PSU1_low
Change Net Name : Old Net Name=NetRs4_2 New Net Name=ref_currSns
Change Net Name : Old Net Name=NetRs6_2 New Net Name=sgn_currSns
Change Net Name : Old Net Name=NetUc1_46 New Net Name=X24M_N
Change Net Name : Old Net Name=NetUc1_47 New Net Name=X24M_P
Added Member To Class: ClassName=Controls Member=Component P? Extent conn
