Removed Pin From Net: NetName=GND Pin=Cp6-1
Removed Pin From Net: NetName=VCC Pin=Cs1-1
Removed Pin From Net: NetName=VCC Pin=Js1-2
Removed Pin From Net: NetName=GND Pin=Qp2-3
Removed Pin From Net: NetName=NetCp1_1 Pin=Rp6-2
Removed Pin From Net: NetName=GND Pin=Rp7-1
Removed Pin From Net: NetName=GND Pin=Rp8-1
Removed Pin From Net: NetName=GND Pin=Up2-1
Removed Pin From Net: NetName=GND Pin=Up2-6
Removed Member From Class: ClassName=Pwr Member=Qp1
Removed Member From Class: ClassName=Pwr Member=Qp2
Removed Member From Class: ClassName=Pwr Member=Rp6
Removed Member From Class: ClassName=Pwr Member=Rp7
Removed Member From Class: ClassName=Pwr Member=Rp8
Removed Member From Class: ClassName=Pwr Member=Rp9
Change Component Footprint: Designator=Lp1 Old Footprint=0402-A New Footprint=Inductor_radial_TH_r4_35h11
Change Component Footprint: Designator=Lp2 Old Footprint=0402-A New Footprint=Inductor_radial_TH_r4_35h11
Change Component Footprint: Designator=Cp5 Old Footprint=c0603 New Footprint=CAP_EL__TH_rad_r3_15h11_2
Change Component Footprint: Designator=Cp7 Old Footprint=CAP_EL__TH_rad_r3_15h11_2 New Footprint=c0603
Change Component Footprint: Designator=Up2 Old Footprint=MSOP-8_TermalPad New Footprint=SOT23-6
Change Component Comment : Designator=Cp5 Old Comment=Cap New Comment=Cap Pol1
Change Component Comment : Designator=Cp7 Old Comment=Cap Pol1 New Comment=Cap
Change Component Comment : Designator=Lp1 Old Comment=Inductor New Comment=RLB0912-220KL
Change Component Comment : Designator=Lp2 Old Comment=Inductor New Comment=RLB0912-220KL
Change Component Comment : Designator=Up2 Old Comment=MAX1674/5 New Comment=LMR14010A
Change component parameters: Designator = "Up2"; Footprint = "SOT23-6"; UniqueID = "\DPCRTXVJ"
Change component parameters. Clean all parameters for all variants
Change component parameters (AddParameter): Name = "ComponentLink1Description"; Value = "Datasheet"; VariantName = "[No Variations]"
Change component parameters (AddParameter): Name = "ComponentLink1URL"; Value = "http://www.ti.com/lit/ds/symlink/lmr14010a.pdf"; VariantName = "[No Variations]"
Change component parameters: Designator = "Rp4"; Footprint = "r0603"; UniqueID = "\KMWDSWMU"
Change component parameters. Clean all parameters for all variants
Change component parameters (AddParameter): Name = "LatestRevisionDate"; Value = "17-Jul-2002"; VariantName = "[No Variations]"
Change component parameters (AddParameter): Name = "LatestRevisionNote"; Value = "Re-released for DXP Platform."; VariantName = "[No Variations]"
Change component parameters (AddParameter): Name = "PackageDescription"; Value = "Axial Device, Thru-Hole; 2 Leads; 0.3 in Pin Spacing"; VariantName = "[No Variations]"
Change component parameters (AddParameter): Name = "PackageReference"; Value = "AXIAL-0.3"; VariantName = "[No Variations]"
Change component parameters (AddParameter): Name = "Published"; Value = "8-Jun-2000"; VariantName = "[No Variations]"
Change component parameters (AddParameter): Name = "Publisher"; Value = "Altium Limited"; VariantName = "[No Variations]"
Change component parameters (AddParameter): Name = "Value"; Value = "54k9"; VariantName = "[No Variations]"
Change component parameters: Designator = "Rp5"; Footprint = "r0603"; UniqueID = "\XCNCCQYB"
Change component parameters. Clean all parameters for all variants
Change component parameters (AddParameter): Name = "LatestRevisionDate"; Value = "17-Jul-2002"; VariantName = "[No Variations]"
Change component parameters (AddParameter): Name = "LatestRevisionNote"; Value = "Re-released for DXP Platform."; VariantName = "[No Variations]"
Change component parameters (AddParameter): Name = "PackageDescription"; Value = "Axial Device, Thru-Hole; 2 Leads; 0.3 in Pin Spacing"; VariantName = "[No Variations]"
Change component parameters (AddParameter): Name = "PackageReference"; Value = "AXIAL-0.3"; VariantName = "[No Variations]"
Change component parameters (AddParameter): Name = "Published"; Value = "8-Jun-2000"; VariantName = "[No Variations]"
Change component parameters (AddParameter): Name = "Publisher"; Value = "Altium Limited"; VariantName = "[No Variations]"
Change component parameters (AddParameter): Name = "Value"; Value = "10K"; VariantName = "[No Variations]"
Change component parameters: Designator = "Cp5"; Footprint = "CAP_EL__TH_rad_r3_15h11_2"; UniqueID = "\KAUHPYWK"
Change component parameters. Clean all parameters for all variants
Change component parameters (AddParameter): Name = "LatestRevisionDate"; Value = "17-Jul-2002"; VariantName = "[No Variations]"
Change component parameters (AddParameter): Name = "LatestRevisionNote"; Value = "Re-released for DXP Platform."; VariantName = "[No Variations]"
Change component parameters (AddParameter): Name = "PackageDescription"; Value = "Polarized Capacitor (Radial); 2 Leads"; VariantName = "[No Variations]"
Change component parameters (AddParameter): Name = "PackageReference"; Value = "RB7.6-15"; VariantName = "[No Variations]"
Change component parameters (AddParameter): Name = "Published"; Value = "8-Jun-2000"; VariantName = "[No Variations]"
Change component parameters (AddParameter): Name = "Publisher"; Value = "Altium Limited"; VariantName = "[No Variations]"
Change component parameters (AddParameter): Name = "Value"; Value = "47uF"; VariantName = "[No Variations]"
Change component parameters: Designator = "Cp7"; Footprint = "c0603"; UniqueID = "\COKBLSSH"
Change component parameters. Clean all parameters for all variants
Change component parameters (AddParameter): Name = "LatestRevisionDate"; Value = "17-Jul-2002"; VariantName = "[No Variations]"
Change component parameters (AddParameter): Name = "LatestRevisionNote"; Value = "Re-released for DXP Platform."; VariantName = "[No Variations]"
Change component parameters (AddParameter): Name = "PackageDescription"; Value = "Radial Cap, Thru-Hole; 2 Leads; 0.3 in Pin Spacing"; VariantName = "[No Variations]"
Change component parameters (AddParameter): Name = "PackageReference"; Value = "RAD-0.3"; VariantName = "[No Variations]"
Change component parameters (AddParameter): Name = "Published"; Value = "8-Jun-2000"; VariantName = "[No Variations]"
Change component parameters (AddParameter): Name = "Publisher"; Value = "Altium Limited"; VariantName = "[No Variations]"
Change component parameters (AddParameter): Name = "Value"; Value = "100nF"; VariantName = "[No Variations]"
Added Component: Designator=Cp8(CAP_EL__TH_rad_r3_15h11_2)
Add component. Clean all parameters for all variants
Add component (AddParameter): Name = "LatestRevisionDate"; Value = "17-Jul-2002"; VariantName = "[No Variations]"
Add component (AddParameter): Name = "LatestRevisionNote"; Value = "Re-released for DXP Platform."; VariantName = "[No Variations]"
Add component (AddParameter): Name = "PackageDescription"; Value = "Polarized Capacitor (Radial); 2 Leads"; VariantName = "[No Variations]"
Add component (AddParameter): Name = "PackageReference"; Value = "RB7.6-15"; VariantName = "[No Variations]"
Add component (AddParameter): Name = "Published"; Value = "8-Jun-2000"; VariantName = "[No Variations]"
Add component (AddParameter): Name = "Publisher"; Value = "Altium Limited"; VariantName = "[No Variations]"
Add component (AddParameter): Name = "Value"; Value = "47uF"; VariantName = "[No Variations]"
Added Component: Designator=Dp1(SOD123F)
Add component. Clean all parameters for all variants
Add component (AddParameter): Name = "Code_JEDEC"; Value = "DO-214-AB"; VariantName = "[No Variations]"
Add component (AddParameter): Name = "LatestRevisionDate"; Value = "17-Jul-2002"; VariantName = "[No Variations]"
Add component (AddParameter): Name = "LatestRevisionNote"; Value = "Re-released for DXP Platform."; VariantName = "[No Variations]"
Add component (AddParameter): Name = "PackageDescription"; Value = "DO-214-AB/SMC; 2 C-Bend Leads; Body 7.9 x 5.9 mm, inc. leads (LxW)"; VariantName = "[No Variations]"
Add component (AddParameter): Name = "PackageReference"; Value = "SMC"; VariantName = "[No Variations]"
Add component (AddParameter): Name = "PackageVersion"; Value = "Sep-1996"; VariantName = "[No Variations]"
Add component (AddParameter): Name = "Published"; Value = "8-Jun-2000"; VariantName = "[No Variations]"
Add component (AddParameter): Name = "Publisher"; Value = "Altium Limited"; VariantName = "[No Variations]"
Added Component: Designator=Jp2(HDR1X2)
Add component. Clean all parameters for all variants
Add component (AddParameter): Name = "LatestRevisionDate"; Value = "17-Jul-2002"; VariantName = "[No Variations]"
Add component (AddParameter): Name = "LatestRevisionNote"; Value = "Re-released for DXP Platform."; VariantName = "[No Variations]"
Add component (AddParameter): Name = "Publisher"; Value = "Altium Limited"; VariantName = "[No Variations]"
Added Pin To Net: NetName=NetCp1_1 Pin=Cp7-1
Added Pin To Net: NetName=NetCp1_1 Pin=Cp8-1
Added Pin To Net: NetName=GND Pin=Cp8-2
Added Pin To Net: NetName=NetCp1_1 Pin=Cs1-1
Added Pin To Net: NetName=NetCp5_1 Pin=Jp2-1
Added Pin To Net: NetName=GND Pin=Jp2-2
Added Pin To Net: NetName=NetCp1_1 Pin=Js1-2
Added Pin To Net: NetName=NetCp1_1 Pin=Rp4-2
Added Pin To Net: NetName=GND Pin=Rp5-1
Added Pin To Net: NetName=GND Pin=Up2-3
Added Pin To Net: NetName=NetCp5_1 Pin=Up2-6
Change Net Name : Old Net Name=NetCp1_1 New Net Name=5V0
Added Pin To Net: NetName=NetCp6_1 Pin=Cp6-1
Added Pin To Net: NetName=NetCp6_1 Pin=Up2-1
Added Net: Name=NetCp6_1
Added Pin To Net: NetName=NetCp6_2 Pin=Cp6-2
Added Pin To Net: NetName=NetCp6_2 Pin=Lp2-1
Added Pin To Net: NetName=NetCp6_2 Pin=Up2-5
Added Net: Name=NetCp6_2
Added Pin To Net: NetName=NetRp4_1 Pin=Rp4-1
Added Pin To Net: NetName=NetRp4_1 Pin=Rp5-2
Added Pin To Net: NetName=NetRp4_1 Pin=Up2-2
Added Net: Name=NetRp4_1
Added Member To Class: ClassName=Pwr Member=Component Cp8 Cap Pol1
Added Member To Class: ClassName=Pwr Member=Component Dp1 SS24FL
Added Member To Class: ClassName=Pwr Member=Component Jp2 LinePWR
