Removed Pin From Net: NetName=5V0 Pin=Cs1-1
Removed Pin From Net: NetName=GND Pin=Cs1-2
Removed Pin From Net: NetName=GND Pin=Js1-1
Removed Pin From Net: NetName=5V0 Pin=Js1-2
Removed Pin From Net: NetName=NetJs1_3 Pin=Js1-3
Change Component Footprint: Designator=Js1 Old Footprint=HDR1X4 New Footprint=Adafruit_SGP30_board
Change Component Comment : Designator=Js1 Old Comment=101020056 New Comment=3709
Change component parameters: Designator = "Js1"; Footprint = "Adafruit_SGP30_board"; UniqueID = "\ORYGUTFE"
Change component parameters. Clean all parameters for all variants
Change component parameters (AddParameter): Name = "ComponentLink1Description"; Value = "VOC concentration"; VariantName = "[No Variations]"
Change component parameters (AddParameter): Name = "ComponentLink1URL"; Value = "https://www.sensirion.com/fileadmin/user_upload/customers/sensirion/Dokumente/9_Gas_Sensors/Sensirion_Gas_Sensors_SGP3x_TVOC_Concept.pdf"; VariantName = "[No Variations]"
Change component parameters (AddParameter): Name = "LatestRevisionDate"; Value = "17-Jul-2002"; VariantName = "[No Variations]"
Change component parameters (AddParameter): Name = "LatestRevisionNote"; Value = "Re-released for DXP Platform."; VariantName = "[No Variations]"
Change component parameters (AddParameter): Name = "Publisher"; Value = "Altium Limited"; VariantName = "[No Variations]"
Added Pin To Net: NetName=GND Pin=Cs1-1
Added Pin To Net: NetName=VCC Pin=Cs1-2
Added Pin To Net: NetName=VCC Pin=Js1-1
Added Pin To Net: NetName=GND Pin=Js1-3
Added Pin To Net: NetName=NetJs1_3 Pin=Js1-5
Change Net Name : Old Net Name=NetJs1_3 New Net Name=NetJs1_5
