Removed Pin From Net: NetName=5V0 Pin=Cp1-1
Removed Pin From Net: NetName=5V0 Pin=Jp1-1
Removed Pin From Net: NetName=5V0 Pin=Lp1-2
Removed Pin From Net: NetName=5V0 Pin=Rp1-2
Removed Pin From Net: NetName=VCC Pin=Up1-5
Added Component: Designator=Dp2(SOD123F)
Add component. Clean all parameters for all variants
Add component (AddParameter): Name = "Code_JEDEC"; Value = "DO-214-AB"; VariantName = "[No Variations]"
Add component (AddParameter): Name = "LatestRevisionDate"; Value = "17-Jul-2002"; VariantName = "[No Variations]"
Add component (AddParameter): Name = "LatestRevisionNote"; Value = "Re-released for DXP Platform."; VariantName = "[No Variations]"
Add component (AddParameter): Name = "PackageDescription"; Value = "DO-214-AB/SMC; 2 C-Bend Leads; Body 7.9 x 5.9 mm, inc. leads (LxW)"; VariantName = "[No Variations]"
Add component (AddParameter): Name = "PackageReference"; Value = "SMC"; VariantName = "[No Variations]"
Add component (AddParameter): Name = "PackageVersion"; Value = "Sep-1996"; VariantName = "[No Variations]"
Add component (AddParameter): Name = "Published"; Value = "8-Jun-2000"; VariantName = "[No Variations]"
Add component (AddParameter): Name = "Publisher"; Value = "Altium Limited"; VariantName = "[No Variations]"
Added Pin To Net: NetName=5V0 Pin=Dp2-A
Added Pin To Net: NetName=NetCp1_1 Pin=Cp1-1
Added Pin To Net: NetName=NetCp1_1 Pin=Dp2-C
Added Pin To Net: NetName=NetCp1_1 Pin=Jp1-1
Added Pin To Net: NetName=NetCp1_1 Pin=Lp1-2
Added Pin To Net: NetName=NetCp1_1 Pin=Rp1-2
Added Pin To Net: NetName=NetCp1_1 Pin=Up1-5
Added Net: Name=NetCp1_1
Added Member To Class: ClassName=Pwr Member=Component Dp2 SS24FL
