Removed Pin From Net: NetName=GND Pin=Cc19-1
Removed Pin From Net: NetName=GND Pin=Cc20-2
Removed Pin From Net: NetName=GND Pin=Cc21-1
Removed Pin From Net: NetName=GND Pin=Cc22-2
Removed Pin From Net: NetName=GND Pin=Cc23-2
Removed Pin From Net: NetName=NetCp1_1 Pin=Cp1-1
Removed Pin From Net: NetName=GND Pin=Cp1-2
Removed Pin From Net: NetName=VCC Pin=Cp4-1
Removed Pin From Net: NetName=GND Pin=Cp4-2
Removed Pin From Net: NetName=Vline Pin=Cp5-1
Removed Pin From Net: NetName=GND Pin=Cp5-2
Removed Pin From Net: NetName=5V0 Pin=Cp8-1
Removed Pin From Net: NetName=GND Pin=Cp8-2
Removed Pin From Net: NetName=GND Pin=Jc2-5
Removed Pin From Net: NetName=GND Pin=Jc2-Shell
Removed Pin From Net: NetName=GND Pin=Jc2-Shell
Removed Pin From Net: NetName=GND Pin=Rc6-2
Removed Pin From Net: NetName=VCC Pin=Rc16-2
Removed Pin From Net: NetName=VCC Pin=Rc17-2
Removed Pin From Net: NetName=GND Pin=Uc2-9
Removed Pin From Net: NetName=GND Pin=Uc2-17
Removed Pin From Net: NetName=GND Pin=Uc2-29
Removed Member From Class: ClassName=Controls Member=Cc19
Removed Member From Class: ClassName=Controls Member=Cc20
Removed Member From Class: ClassName=Controls Member=Cc21
Removed Member From Class: ClassName=Controls Member=Cc22
Removed Member From Class: ClassName=Controls Member=Cc23
Removed Member From Class: ClassName=Controls Member=Dc1
Removed Member From Class: ClassName=Controls Member=Dc2
Removed Member From Class: ClassName=Controls Member=FBc2
Removed Member From Class: ClassName=Controls Member=Jc2
Removed Member From Class: ClassName=Controls Member=Rc2
Removed Member From Class: ClassName=Controls Member=Rc3
Removed Member From Class: ClassName=Controls Member=Rc4
Removed Member From Class: ClassName=Controls Member=Rc5
Removed Member From Class: ClassName=Controls Member=Rc6
Removed Member From Class: ClassName=Controls Member=Rc7
Removed Member From Class: ClassName=Controls Member=Rc8
Removed Member From Class: ClassName=Controls Member=Rc16
Removed Member From Class: ClassName=Controls Member=Rc17
Removed Member From Class: ClassName=Controls Member=Uc2
Removed Member From Class: ClassName=Controls Member=Yc4
Change Component Footprint: Designator=Cp1 Old Footprint=CAP_EL__TH_RAD_R3_15H11_2 New Footprint=C1206
Change Component Footprint: Designator=Cp4 Old Footprint=CAP_EL__TH_RAD_R3_15H11_2 New Footprint=C1206
Change Component Footprint: Designator=Cp5 Old Footprint=CAP_EL__TH_RAD_R3_15H11_2 New Footprint=C1206
Change Component Footprint: Designator=Cp8 Old Footprint=CAP_EL__TH_RAD_R3_15H11_2 New Footprint=C1206
Change Component Comment : Designator=Cp1 Old Comment=Cap Pol1 New Comment=Cap
Change Component Comment : Designator=Cp4 Old Comment=Cap Pol1 New Comment=Cap
Change Component Comment : Designator=Cp5 Old Comment=Cap Pol1 New Comment=Cap
Change Component Comment : Designator=Cp8 Old Comment=Cap Pol1 New Comment=Cap
Change component parameters: Designator = "Lc1"; Footprint = "FBead0805"; UniqueID = "\NETABNJP"
Change component parameters. Clean all parameters for all variants
Change component parameters (AddParameter): Name = "Code_IEC"; Value = "1005"; VariantName = "[No Variations]"
Change component parameters (AddParameter): Name = "Code_JEITA"; Value = "0402"; VariantName = "[No Variations]"
Change component parameters (AddParameter): Name = "LatestRevisionDate"; Value = "29-May-2009"; VariantName = "[No Variations]"
Change component parameters (AddParameter): Name = "LatestRevisionNote"; Value = "IPC-7351 Footprint Added."; VariantName = "[No Variations]"
Change component parameters (AddParameter): Name = "PackageDescription"; Value = "Chip Inductor"; VariantName = "[No Variations]"
Change component parameters (AddParameter): Name = "PackageReference"; Value = "0402-A"; VariantName = "[No Variations]"
Change component parameters (AddParameter): Name = "Published"; Value = "8-Jun-2000"; VariantName = "[No Variations]"
Change component parameters (AddParameter): Name = "Publisher"; Value = "Altium Limited"; VariantName = "[No Variations]"
Change component parameters (AddParameter): Name = "Supplier 1"; Value = "Digi-Key"; VariantName = "[No Variations]"
Change component parameters (AddParameter): Name = "Supplier Part Number 1"; Value = "587-2608-1-ND"; VariantName = "[No Variations]"
Change component parameters (AddParameter): Name = "Value"; Value = "10uH"; VariantName = "[No Variations]"
Change component parameters: Designator = "Cp1"; Footprint = "C1206"; UniqueID = "\CLXMNEXI"
Change component parameters. Clean all parameters for all variants
Change component parameters (AddParameter): Name = "LatestRevisionDate"; Value = "17-Jul-2002"; VariantName = "[No Variations]"
Change component parameters (AddParameter): Name = "LatestRevisionNote"; Value = "Re-released for DXP Platform."; VariantName = "[No Variations]"
Change component parameters (AddParameter): Name = "PackageDescription"; Value = "Radial Cap, Thru-Hole; 2 Leads; 0.3 in Pin Spacing"; VariantName = "[No Variations]"
Change component parameters (AddParameter): Name = "PackageReference"; Value = "RAD-0.3"; VariantName = "[No Variations]"
Change component parameters (AddParameter): Name = "Published"; Value = "8-Jun-2000"; VariantName = "[No Variations]"
Change component parameters (AddParameter): Name = "Publisher"; Value = "Altium Limited"; VariantName = "[No Variations]"
Change component parameters (AddParameter): Name = "Supplier 1"; Value = "Digi-Key"; VariantName = "[No Variations]"
Change component parameters (AddParameter): Name = "Supplier Part Number 1"; Value = "1276-6736-1-ND"; VariantName = "[No Variations]"
Change component parameters (AddParameter): Name = "Value"; Value = "10uF"; VariantName = "[No Variations]"
Change component parameters: Designator = "Cp4"; Footprint = "C1206"; UniqueID = "\KRTLXIDG"
Change component parameters. Clean all parameters for all variants
Change component parameters (AddParameter): Name = "LatestRevisionDate"; Value = "17-Jul-2002"; VariantName = "[No Variations]"
Change component parameters (AddParameter): Name = "LatestRevisionNote"; Value = "Re-released for DXP Platform."; VariantName = "[No Variations]"
Change component parameters (AddParameter): Name = "PackageDescription"; Value = "Radial Cap, Thru-Hole; 2 Leads; 0.3 in Pin Spacing"; VariantName = "[No Variations]"
Change component parameters (AddParameter): Name = "PackageReference"; Value = "RAD-0.3"; VariantName = "[No Variations]"
Change component parameters (AddParameter): Name = "Published"; Value = "8-Jun-2000"; VariantName = "[No Variations]"
Change component parameters (AddParameter): Name = "Publisher"; Value = "Altium Limited"; VariantName = "[No Variations]"
Change component parameters (AddParameter): Name = "Supplier 1"; Value = "Digi-Key"; VariantName = "[No Variations]"
Change component parameters (AddParameter): Name = "Supplier Part Number 1"; Value = "1276-6736-1-ND"; VariantName = "[No Variations]"
Change component parameters (AddParameter): Name = "Value"; Value = "10uF"; VariantName = "[No Variations]"
Change component parameters: Designator = "Cp5"; Footprint = "C1206"; UniqueID = "\GHPSXELD"
Change component parameters. Clean all parameters for all variants
Change component parameters (AddParameter): Name = "LatestRevisionDate"; Value = "17-Jul-2002"; VariantName = "[No Variations]"
Change component parameters (AddParameter): Name = "LatestRevisionNote"; Value = "Re-released for DXP Platform."; VariantName = "[No Variations]"
Change component parameters (AddParameter): Name = "PackageDescription"; Value = "Radial Cap, Thru-Hole; 2 Leads; 0.3 in Pin Spacing"; VariantName = "[No Variations]"
Change component parameters (AddParameter): Name = "PackageReference"; Value = "RAD-0.3"; VariantName = "[No Variations]"
Change component parameters (AddParameter): Name = "Published"; Value = "8-Jun-2000"; VariantName = "[No Variations]"
Change component parameters (AddParameter): Name = "Publisher"; Value = "Altium Limited"; VariantName = "[No Variations]"
Change component parameters (AddParameter): Name = "Supplier 1"; Value = "Digi-Key"; VariantName = "[No Variations]"
Change component parameters (AddParameter): Name = "Supplier Part Number 1"; Value = "1276-6736-1-ND"; VariantName = "[No Variations]"
Change component parameters (AddParameter): Name = "Value"; Value = "10uF"; VariantName = "[No Variations]"
Change component parameters: Designator = "Cp8"; Footprint = "C1206"; UniqueID = "\VVCMBSNY"
Change component parameters. Clean all parameters for all variants
Change component parameters (AddParameter): Name = "LatestRevisionDate"; Value = "17-Jul-2002"; VariantName = "[No Variations]"
Change component parameters (AddParameter): Name = "LatestRevisionNote"; Value = "Re-released for DXP Platform."; VariantName = "[No Variations]"
Change component parameters (AddParameter): Name = "PackageDescription"; Value = "Radial Cap, Thru-Hole; 2 Leads; 0.3 in Pin Spacing"; VariantName = "[No Variations]"
Change component parameters (AddParameter): Name = "PackageReference"; Value = "RAD-0.3"; VariantName = "[No Variations]"
Change component parameters (AddParameter): Name = "Published"; Value = "8-Jun-2000"; VariantName = "[No Variations]"
Change component parameters (AddParameter): Name = "Publisher"; Value = "Altium Limited"; VariantName = "[No Variations]"
Change component parameters (AddParameter): Name = "Supplier 1"; Value = "Digi-Key"; VariantName = "[No Variations]"
Change component parameters (AddParameter): Name = "Supplier Part Number 1"; Value = "1276-6736-1-ND"; VariantName = "[No Variations]"
Change component parameters (AddParameter): Name = "Value"; Value = "10uF"; VariantName = "[No Variations]"
Added Pin To Net: NetName=GND Pin=Cp1-1
Added Pin To Net: NetName=NetCp1_1 Pin=Cp1-2
Added Pin To Net: NetName=GND Pin=Cp4-1
Added Pin To Net: NetName=VCC Pin=Cp4-2
Added Pin To Net: NetName=GND Pin=Cp5-1
Added Pin To Net: NetName=Vline Pin=Cp5-2
Added Pin To Net: NetName=GND Pin=Cp8-1
Added Pin To Net: NetName=5V0 Pin=Cp8-2
Change Net Name : Old Net Name=NetCp1_1 New Net Name=NetCp1_2
